2021-01-17 17:59:09,640 [Worker-1] INFO  o.e.m.c.i.l.LifecycleMappingFactory - Using org.eclipse.m2e.jdt.JarLifecycleMapping lifecycle mapping for MavenProject: Johann:DBServer.johann:0.0.1-SNAPSHOT @ C:\Users\Vava\Documents\Projeto2\DBServer.johann\pom.xml.
2021-01-17 17:59:10,132 [Worker-1] INFO  o.e.m.j.i.AbstractJavaProjectConfigurator - Adding source folder /DBServer.johann/src/main/java
2021-01-17 17:59:10,133 [Worker-1] INFO  o.e.m.j.i.AbstractJavaProjectConfigurator - Adding resource folder /DBServer.johann/src/main/resources
2021-01-17 17:59:10,134 [Worker-1] INFO  o.e.m.j.i.AbstractJavaProjectConfigurator - Adding source folder /DBServer.johann/src/test/java
2021-01-17 17:59:10,134 [Worker-1] INFO  o.e.m.j.i.AbstractJavaProjectConfigurator - Adding resource folder /DBServer.johann/src/test/resources
2021-01-17 17:59:11,267 [Worker-17] WARN  o.e.m.c.i.embedder.EclipseLogger - Using platform encoding (Cp1252 actually) to copy filtered resources, i.e. build is platform dependent!
2021-01-17 17:59:11,280 [Worker-17] INFO  o.e.m.c.i.embedder.EclipseLogger - Copying 0 resource
2021-01-17 17:59:11,282 [Worker-17] WARN  o.e.m.c.i.embedder.EclipseLogger - Using platform encoding (Cp1252 actually) to copy filtered resources, i.e. build is platform dependent!
2021-01-17 17:59:11,288 [Worker-17] INFO  o.e.m.c.i.embedder.EclipseLogger - Copying 0 resource
2021-01-17 18:00:11,835 [Worker-6] INFO  o.e.m.c.i.l.LifecycleMappingFactory - Using org.eclipse.m2e.jdt.JarLifecycleMapping lifecycle mapping for MavenProject: Johann:DBServer.johann:0.0.1-SNAPSHOT @ C:\Users\Vava\Documents\Projeto2\DBServer.johann\pom.xml.
2021-01-17 18:00:12,313 [Worker-6] INFO  o.e.m.c.i.embedder.EclipseLogger - Using 'UTF-8' encoding to copy filtered resources.
2021-01-17 18:00:12,314 [Worker-6] INFO  o.e.m.c.i.embedder.EclipseLogger - Copying 0 resource
2021-01-17 18:00:12,315 [Worker-6] INFO  o.e.m.c.i.embedder.EclipseLogger - Using 'UTF-8' encoding to copy filtered resources.
2021-01-17 18:00:12,316 [Worker-6] INFO  o.e.m.c.i.embedder.EclipseLogger - Copying 0 resource
2021-01-17 18:00:13,818 [Worker-17] INFO  o.e.m.c.i.embedder.EclipseLogger - Using 'UTF-8' encoding to copy filtered resources.
2021-01-17 18:00:13,819 [Worker-17] INFO  o.e.m.c.i.embedder.EclipseLogger - Copying 0 resource
2021-01-17 18:00:13,820 [Worker-17] INFO  o.e.m.c.i.embedder.EclipseLogger - Using 'UTF-8' encoding to copy filtered resources.
2021-01-17 18:00:13,821 [Worker-17] INFO  o.e.m.c.i.embedder.EclipseLogger - Copying 0 resource
2021-01-17 18:00:46,347 [Worker-13] INFO  o.e.m.c.i.embedder.EclipseLogger - Using 'UTF-8' encoding to copy filtered resources.
2021-01-17 18:00:46,347 [Worker-13] INFO  o.e.m.c.i.embedder.EclipseLogger - Copying 0 resource
2021-01-17 18:00:46,348 [Worker-13] INFO  o.e.m.c.i.embedder.EclipseLogger - Using 'UTF-8' encoding to copy filtered resources.
2021-01-17 18:00:46,349 [Worker-13] INFO  o.e.m.c.i.embedder.EclipseLogger - Copying 0 resource
2021-01-17 18:00:47,409 [Worker-3] INFO  o.e.m.c.i.embedder.EclipseLogger - Using 'UTF-8' encoding to copy filtered resources.
2021-01-17 18:00:47,410 [Worker-3] INFO  o.e.m.c.i.embedder.EclipseLogger - Copying 0 resource
2021-01-17 18:00:47,411 [Worker-3] INFO  o.e.m.c.i.embedder.EclipseLogger - Using 'UTF-8' encoding to copy filtered resources.
2021-01-17 18:00:47,412 [Worker-3] INFO  o.e.m.c.i.embedder.EclipseLogger - Copying 0 resource
2021-01-17 18:05:24,553 [Worker-5] INFO  o.e.m.c.i.embedder.EclipseLogger - Using 'UTF-8' encoding to copy filtered resources.
2021-01-17 18:05:24,554 [Worker-5] INFO  o.e.m.c.i.embedder.EclipseLogger - Copying 0 resource
2021-01-17 18:05:24,555 [Worker-5] INFO  o.e.m.c.i.embedder.EclipseLogger - Using 'UTF-8' encoding to copy filtered resources.
2021-01-17 18:05:24,556 [Worker-5] INFO  o.e.m.c.i.embedder.EclipseLogger - Copying 0 resource
2021-01-17 18:08:06,983 [Worker-31] INFO  o.e.m.c.i.l.LifecycleMappingFactory - Using org.eclipse.m2e.jdt.JarLifecycleMapping lifecycle mapping for MavenProject: Johann:DBServer.johann:0.0.1-SNAPSHOT @ C:\Users\Vava\Documents\Projeto2\DBServer.johann\pom.xml.
2021-01-17 18:08:07,211 [Worker-31] INFO  o.e.m.c.i.embedder.EclipseLogger - Using 'UTF-8' encoding to copy filtered resources.
2021-01-17 18:08:07,213 [Worker-31] INFO  o.e.m.c.i.embedder.EclipseLogger - Copying 0 resource
2021-01-17 18:08:07,214 [Worker-31] INFO  o.e.m.c.i.embedder.EclipseLogger - Using 'UTF-8' encoding to copy filtered resources.
2021-01-17 18:08:07,214 [Worker-31] INFO  o.e.m.c.i.embedder.EclipseLogger - Copying 0 resource
2021-01-17 18:08:08,483 [Worker-28] INFO  o.e.m.c.i.embedder.EclipseLogger - Using 'UTF-8' encoding to copy filtered resources.
2021-01-17 18:08:08,484 [Worker-28] INFO  o.e.m.c.i.embedder.EclipseLogger - Copying 0 resource
2021-01-17 18:08:08,485 [Worker-28] INFO  o.e.m.c.i.embedder.EclipseLogger - Using 'UTF-8' encoding to copy filtered resources.
2021-01-17 18:08:08,485 [Worker-28] INFO  o.e.m.c.i.embedder.EclipseLogger - Copying 0 resource
2021-01-17 18:10:25,679 [Worker-37] INFO  o.e.m.c.i.embedder.EclipseLogger - Using 'UTF-8' encoding to copy filtered resources.
2021-01-17 18:10:25,680 [Worker-37] INFO  o.e.m.c.i.embedder.EclipseLogger - Copying 0 resource
2021-01-17 18:10:25,681 [Worker-37] INFO  o.e.m.c.i.embedder.EclipseLogger - Using 'UTF-8' encoding to copy filtered resources.
2021-01-17 18:10:25,681 [Worker-37] INFO  o.e.m.c.i.embedder.EclipseLogger - Copying 0 resource
2021-01-17 18:12:16,342 [Worker-32] INFO  o.e.m.c.i.embedder.EclipseLogger - Using 'UTF-8' encoding to copy filtered resources.
2021-01-17 18:12:16,342 [Worker-32] INFO  o.e.m.c.i.embedder.EclipseLogger - Copying 0 resource
2021-01-17 18:12:16,343 [Worker-32] INFO  o.e.m.c.i.embedder.EclipseLogger - Using 'UTF-8' encoding to copy filtered resources.
2021-01-17 18:12:16,344 [Worker-32] INFO  o.e.m.c.i.embedder.EclipseLogger - Copying 0 resource
2021-01-17 18:13:05,940 [Worker-38] INFO  o.e.m.c.i.embedder.EclipseLogger - Using 'UTF-8' encoding to copy filtered resources.
2021-01-17 18:13:05,941 [Worker-38] INFO  o.e.m.c.i.embedder.EclipseLogger - Copying 0 resource
2021-01-17 18:13:05,942 [Worker-38] INFO  o.e.m.c.i.embedder.EclipseLogger - Using 'UTF-8' encoding to copy filtered resources.
2021-01-17 18:13:05,943 [Worker-38] INFO  o.e.m.c.i.embedder.EclipseLogger - Copying 0 resource
2021-01-17 18:13:59,321 [Worker-36] INFO  o.e.m.c.i.embedder.EclipseLogger - Using 'UTF-8' encoding to copy filtered resources.
2021-01-17 18:13:59,321 [Worker-36] INFO  o.e.m.c.i.embedder.EclipseLogger - Copying 0 resource
2021-01-17 18:13:59,323 [Worker-36] INFO  o.e.m.c.i.embedder.EclipseLogger - Using 'UTF-8' encoding to copy filtered resources.
2021-01-17 18:13:59,323 [Worker-36] INFO  o.e.m.c.i.embedder.EclipseLogger - Copying 0 resource
2021-01-17 18:14:02,691 [Worker-32] INFO  o.e.m.c.i.embedder.EclipseLogger - Using 'UTF-8' encoding to copy filtered resources.
2021-01-17 18:14:02,692 [Worker-32] INFO  o.e.m.c.i.embedder.EclipseLogger - Copying 0 resource
2021-01-17 18:14:02,693 [Worker-32] INFO  o.e.m.c.i.embedder.EclipseLogger - Using 'UTF-8' encoding to copy filtered resources.
2021-01-17 18:14:02,693 [Worker-32] INFO  o.e.m.c.i.embedder.EclipseLogger - Copying 0 resource
2021-01-17 18:14:16,541 [Worker-38] INFO  o.e.m.c.i.embedder.EclipseLogger - Using 'UTF-8' encoding to copy filtered resources.
2021-01-17 18:14:16,541 [Worker-38] INFO  o.e.m.c.i.embedder.EclipseLogger - Copying 0 resource
2021-01-17 18:14:16,543 [Worker-38] INFO  o.e.m.c.i.embedder.EclipseLogger - Using 'UTF-8' encoding to copy filtered resources.
2021-01-17 18:14:16,543 [Worker-38] INFO  o.e.m.c.i.embedder.EclipseLogger - Copying 0 resource
2021-01-17 18:14:47,385 [Worker-35] INFO  o.e.m.c.i.embedder.EclipseLogger - Using 'UTF-8' encoding to copy filtered resources.
2021-01-17 18:14:47,388 [Worker-35] INFO  o.e.m.c.i.embedder.EclipseLogger - Copying 0 resource
2021-01-17 18:14:47,390 [Worker-35] INFO  o.e.m.c.i.embedder.EclipseLogger - Using 'UTF-8' encoding to copy filtered resources.
2021-01-17 18:14:47,390 [Worker-35] INFO  o.e.m.c.i.embedder.EclipseLogger - Copying 0 resource
2021-01-17 18:14:52,323 [Worker-37] INFO  o.e.m.c.i.embedder.EclipseLogger - Using 'UTF-8' encoding to copy filtered resources.
2021-01-17 18:14:52,324 [Worker-37] INFO  o.e.m.c.i.embedder.EclipseLogger - Copying 0 resource
2021-01-17 18:14:52,326 [Worker-37] INFO  o.e.m.c.i.embedder.EclipseLogger - Using 'UTF-8' encoding to copy filtered resources.
2021-01-17 18:14:52,327 [Worker-37] INFO  o.e.m.c.i.embedder.EclipseLogger - Copying 0 resource
2021-01-17 18:16:50,330 [Worker-42] INFO  o.e.m.c.i.embedder.EclipseLogger - Using 'UTF-8' encoding to copy filtered resources.
2021-01-17 18:16:50,331 [Worker-42] INFO  o.e.m.c.i.embedder.EclipseLogger - Copying 0 resource
2021-01-17 18:16:50,332 [Worker-42] INFO  o.e.m.c.i.embedder.EclipseLogger - Using 'UTF-8' encoding to copy filtered resources.
2021-01-17 18:16:50,333 [Worker-42] INFO  o.e.m.c.i.embedder.EclipseLogger - Copying 0 resource
2021-01-17 18:17:04,161 [Worker-41] INFO  o.e.m.c.i.embedder.EclipseLogger - Using 'UTF-8' encoding to copy filtered resources.
2021-01-17 18:17:04,162 [Worker-41] INFO  o.e.m.c.i.embedder.EclipseLogger - Copying 0 resource
2021-01-17 18:17:04,162 [Worker-41] INFO  o.e.m.c.i.embedder.EclipseLogger - Using 'UTF-8' encoding to copy filtered resources.
2021-01-17 18:17:04,163 [Worker-41] INFO  o.e.m.c.i.embedder.EclipseLogger - Copying 0 resource
2021-01-17 18:17:25,297 [Worker-42] INFO  o.e.m.c.i.embedder.EclipseLogger - Using 'UTF-8' encoding to copy filtered resources.
2021-01-17 18:17:25,297 [Worker-42] INFO  o.e.m.c.i.embedder.EclipseLogger - Copying 0 resource
2021-01-17 18:17:25,298 [Worker-42] INFO  o.e.m.c.i.embedder.EclipseLogger - Using 'UTF-8' encoding to copy filtered resources.
2021-01-17 18:17:25,299 [Worker-42] INFO  o.e.m.c.i.embedder.EclipseLogger - Copying 0 resource
2021-01-17 18:18:52,304 [Worker-32] INFO  o.e.m.c.i.embedder.EclipseLogger - Using 'UTF-8' encoding to copy filtered resources.
2021-01-17 18:18:52,305 [Worker-32] INFO  o.e.m.c.i.embedder.EclipseLogger - Copying 0 resource
2021-01-17 18:18:52,306 [Worker-32] INFO  o.e.m.c.i.embedder.EclipseLogger - Using 'UTF-8' encoding to copy filtered resources.
2021-01-17 18:18:52,306 [Worker-32] INFO  o.e.m.c.i.embedder.EclipseLogger - Copying 0 resource
2021-01-17 18:19:11,187 [Worker-44] INFO  o.e.m.c.i.embedder.EclipseLogger - Using 'UTF-8' encoding to copy filtered resources.
2021-01-17 18:19:11,188 [Worker-44] INFO  o.e.m.c.i.embedder.EclipseLogger - Copying 0 resource
2021-01-17 18:19:11,189 [Worker-44] INFO  o.e.m.c.i.embedder.EclipseLogger - Using 'UTF-8' encoding to copy filtered resources.
2021-01-17 18:19:11,189 [Worker-44] INFO  o.e.m.c.i.embedder.EclipseLogger - Copying 0 resource
2021-01-17 18:19:31,322 [Worker-32] INFO  o.e.m.c.i.embedder.EclipseLogger - Using 'UTF-8' encoding to copy filtered resources.
2021-01-17 18:19:31,322 [Worker-32] INFO  o.e.m.c.i.embedder.EclipseLogger - Copying 0 resource
2021-01-17 18:19:31,324 [Worker-32] INFO  o.e.m.c.i.embedder.EclipseLogger - Using 'UTF-8' encoding to copy filtered resources.
2021-01-17 18:19:31,324 [Worker-32] INFO  o.e.m.c.i.embedder.EclipseLogger - Copying 0 resource
2021-01-17 18:21:18,182 [Worker-32] INFO  o.e.m.c.i.embedder.EclipseLogger - Using 'UTF-8' encoding to copy filtered resources.
2021-01-17 18:21:18,182 [Worker-32] INFO  o.e.m.c.i.embedder.EclipseLogger - Copying 0 resource
2021-01-17 18:21:18,183 [Worker-32] INFO  o.e.m.c.i.embedder.EclipseLogger - Using 'UTF-8' encoding to copy filtered resources.
2021-01-17 18:21:18,184 [Worker-32] INFO  o.e.m.c.i.embedder.EclipseLogger - Copying 0 resource
2021-01-17 18:22:25,230 [Worker-36] INFO  o.e.m.c.i.embedder.EclipseLogger - Using 'UTF-8' encoding to copy filtered resources.
2021-01-17 18:22:25,231 [Worker-36] INFO  o.e.m.c.i.embedder.EclipseLogger - Copying 0 resource
2021-01-17 18:22:25,232 [Worker-36] INFO  o.e.m.c.i.embedder.EclipseLogger - Using 'UTF-8' encoding to copy filtered resources.
2021-01-17 18:22:25,232 [Worker-36] INFO  o.e.m.c.i.embedder.EclipseLogger - Copying 0 resource
2021-01-17 18:24:11,446 [Worker-35] INFO  o.e.m.c.i.embedder.EclipseLogger - Using 'UTF-8' encoding to copy filtered resources.
2021-01-17 18:24:11,446 [Worker-35] INFO  o.e.m.c.i.embedder.EclipseLogger - Copying 0 resource
2021-01-17 18:24:11,447 [Worker-35] INFO  o.e.m.c.i.embedder.EclipseLogger - Using 'UTF-8' encoding to copy filtered resources.
2021-01-17 18:24:11,447 [Worker-35] INFO  o.e.m.c.i.embedder.EclipseLogger - Copying 0 resource
2021-01-17 18:24:48,203 [Worker-45] INFO  o.e.m.c.i.embedder.EclipseLogger - Using 'UTF-8' encoding to copy filtered resources.
2021-01-17 18:24:48,204 [Worker-45] INFO  o.e.m.c.i.embedder.EclipseLogger - Copying 0 resource
2021-01-17 18:24:48,205 [Worker-45] INFO  o.e.m.c.i.embedder.EclipseLogger - Using 'UTF-8' encoding to copy filtered resources.
2021-01-17 18:24:48,205 [Worker-45] INFO  o.e.m.c.i.embedder.EclipseLogger - Copying 0 resource
2021-01-17 18:24:58,439 [Worker-35] INFO  o.e.m.c.i.embedder.EclipseLogger - Using 'UTF-8' encoding to copy filtered resources.
2021-01-17 18:24:58,439 [Worker-35] INFO  o.e.m.c.i.embedder.EclipseLogger - Copying 0 resource
2021-01-17 18:24:58,440 [Worker-35] INFO  o.e.m.c.i.embedder.EclipseLogger - Using 'UTF-8' encoding to copy filtered resources.
2021-01-17 18:24:58,441 [Worker-35] INFO  o.e.m.c.i.embedder.EclipseLogger - Copying 0 resource
2021-01-17 18:26:42,581 [Worker-45] INFO  o.e.m.c.i.embedder.EclipseLogger - Using 'UTF-8' encoding to copy filtered resources.
2021-01-17 18:26:42,582 [Worker-45] INFO  o.e.m.c.i.embedder.EclipseLogger - Copying 0 resource
2021-01-17 18:26:42,583 [Worker-45] INFO  o.e.m.c.i.embedder.EclipseLogger - Using 'UTF-8' encoding to copy filtered resources.
2021-01-17 18:26:42,584 [Worker-45] INFO  o.e.m.c.i.embedder.EclipseLogger - Copying 0 resource
2021-01-17 18:26:48,555 [Worker-50] INFO  o.e.m.c.i.embedder.EclipseLogger - Using 'UTF-8' encoding to copy filtered resources.
2021-01-17 18:26:48,556 [Worker-50] INFO  o.e.m.c.i.embedder.EclipseLogger - Copying 0 resource
2021-01-17 18:26:48,556 [Worker-50] INFO  o.e.m.c.i.embedder.EclipseLogger - Using 'UTF-8' encoding to copy filtered resources.
2021-01-17 18:26:48,557 [Worker-50] INFO  o.e.m.c.i.embedder.EclipseLogger - Copying 0 resource
2021-01-17 18:27:35,916 [Worker-35] INFO  o.e.m.c.i.embedder.EclipseLogger - Using 'UTF-8' encoding to copy filtered resources.
2021-01-17 18:27:35,916 [Worker-35] INFO  o.e.m.c.i.embedder.EclipseLogger - Copying 0 resource
2021-01-17 18:27:35,918 [Worker-35] INFO  o.e.m.c.i.embedder.EclipseLogger - Using 'UTF-8' encoding to copy filtered resources.
2021-01-17 18:27:35,918 [Worker-35] INFO  o.e.m.c.i.embedder.EclipseLogger - Copying 0 resource
2021-01-17 18:27:46,266 [Worker-47] INFO  o.e.m.c.i.embedder.EclipseLogger - Using 'UTF-8' encoding to copy filtered resources.
2021-01-17 18:27:46,267 [Worker-47] INFO  o.e.m.c.i.embedder.EclipseLogger - Copying 0 resource
2021-01-17 18:27:46,268 [Worker-47] INFO  o.e.m.c.i.embedder.EclipseLogger - Using 'UTF-8' encoding to copy filtered resources.
2021-01-17 18:27:46,268 [Worker-47] INFO  o.e.m.c.i.embedder.EclipseLogger - Copying 0 resource
2021-01-17 18:28:08,106 [Worker-54] INFO  o.e.m.c.i.embedder.EclipseLogger - Using 'UTF-8' encoding to copy filtered resources.
2021-01-17 18:28:08,107 [Worker-54] INFO  o.e.m.c.i.embedder.EclipseLogger - Copying 0 resource
2021-01-17 18:28:08,107 [Worker-54] INFO  o.e.m.c.i.embedder.EclipseLogger - Using 'UTF-8' encoding to copy filtered resources.
2021-01-17 18:28:08,108 [Worker-54] INFO  o.e.m.c.i.embedder.EclipseLogger - Copying 0 resource
2021-01-17 18:31:03,061 [Worker-47] INFO  o.e.m.c.i.l.LifecycleMappingFactory - Using org.eclipse.m2e.jdt.JarLifecycleMapping lifecycle mapping for MavenProject: Johann:DBServer.johann:0.0.1-SNAPSHOT @ C:\Users\Vava\Documents\Projeto2\DBServer.johann\pom.xml.
2021-01-17 18:31:04,207 [Worker-47] INFO  o.e.m.c.i.e.AbstractTransferListenerAdapter - Downloading https://repo.maven.apache.org/maven2/org/hamcrest/hamcrest-core/1.3/hamcrest-core-1.3.jar
2021-01-17 18:31:04,653 [Worker-47] INFO  o.e.m.c.i.e.AbstractTransferListenerAdapter - Downloaded https://repo.maven.apache.org/maven2/org/hamcrest/hamcrest-core/1.3/hamcrest-core-1.3.jar
2021-01-17 18:31:05,009 [Worker-47] INFO  o.e.m.c.i.embedder.EclipseLogger - Using 'UTF-8' encoding to copy filtered resources.
2021-01-17 18:31:05,010 [Worker-47] INFO  o.e.m.c.i.embedder.EclipseLogger - Copying 0 resource
2021-01-17 18:31:05,011 [Worker-47] INFO  o.e.m.c.i.embedder.EclipseLogger - Using 'UTF-8' encoding to copy filtered resources.
2021-01-17 18:31:05,011 [Worker-47] INFO  o.e.m.c.i.embedder.EclipseLogger - Copying 0 resource
2021-01-17 18:31:06,381 [Worker-59] INFO  o.e.m.c.i.embedder.EclipseLogger - Using 'UTF-8' encoding to copy filtered resources.
2021-01-17 18:31:06,382 [Worker-59] INFO  o.e.m.c.i.embedder.EclipseLogger - Copying 0 resource
2021-01-17 18:31:06,383 [Worker-59] INFO  o.e.m.c.i.embedder.EclipseLogger - Using 'UTF-8' encoding to copy filtered resources.
2021-01-17 18:31:06,383 [Worker-59] INFO  o.e.m.c.i.embedder.EclipseLogger - Copying 0 resource
2021-01-17 18:32:53,725 [Worker-47] INFO  o.e.m.c.i.embedder.EclipseLogger - Using 'UTF-8' encoding to copy filtered resources.
2021-01-17 18:32:53,725 [Worker-47] INFO  o.e.m.c.i.embedder.EclipseLogger - Copying 0 resource
2021-01-17 18:32:53,726 [Worker-47] INFO  o.e.m.c.i.embedder.EclipseLogger - Using 'UTF-8' encoding to copy filtered resources.
2021-01-17 18:32:53,726 [Worker-47] INFO  o.e.m.c.i.embedder.EclipseLogger - Copying 0 resource
2021-01-17 18:33:57,155 [Worker-59] INFO  o.e.m.c.i.embedder.EclipseLogger - Using 'UTF-8' encoding to copy filtered resources.
2021-01-17 18:33:57,155 [Worker-59] INFO  o.e.m.c.i.embedder.EclipseLogger - Copying 0 resource
2021-01-17 18:33:57,156 [Worker-59] INFO  o.e.m.c.i.embedder.EclipseLogger - Using 'UTF-8' encoding to copy filtered resources.
2021-01-17 18:33:57,157 [Worker-59] INFO  o.e.m.c.i.embedder.EclipseLogger - Copying 0 resource
2021-01-17 18:34:03,423 [Worker-64] INFO  o.e.m.c.i.embedder.EclipseLogger - Using 'UTF-8' encoding to copy filtered resources.
2021-01-17 18:34:03,423 [Worker-64] INFO  o.e.m.c.i.embedder.EclipseLogger - Copying 0 resource
2021-01-17 18:34:03,424 [Worker-64] INFO  o.e.m.c.i.embedder.EclipseLogger - Using 'UTF-8' encoding to copy filtered resources.
2021-01-17 18:34:03,424 [Worker-64] INFO  o.e.m.c.i.embedder.EclipseLogger - Copying 0 resource
2021-01-17 18:34:14,622 [Worker-65] INFO  o.e.m.c.i.embedder.EclipseLogger - Using 'UTF-8' encoding to copy filtered resources.
2021-01-17 18:34:14,623 [Worker-65] INFO  o.e.m.c.i.embedder.EclipseLogger - Copying 0 resource
2021-01-17 18:34:14,624 [Worker-65] INFO  o.e.m.c.i.embedder.EclipseLogger - Using 'UTF-8' encoding to copy filtered resources.
2021-01-17 18:34:14,624 [Worker-65] INFO  o.e.m.c.i.embedder.EclipseLogger - Copying 0 resource
2021-01-17 18:35:20,318 [Worker-62] INFO  o.e.m.c.i.embedder.EclipseLogger - Using 'UTF-8' encoding to copy filtered resources.
2021-01-17 18:35:20,318 [Worker-62] INFO  o.e.m.c.i.embedder.EclipseLogger - Copying 0 resource
2021-01-17 18:35:20,319 [Worker-62] INFO  o.e.m.c.i.embedder.EclipseLogger - Using 'UTF-8' encoding to copy filtered resources.
2021-01-17 18:35:20,319 [Worker-62] INFO  o.e.m.c.i.embedder.EclipseLogger - Copying 0 resource
2021-01-17 18:42:51,550 [Worker-72] INFO  o.e.m.c.i.embedder.EclipseLogger - Using 'UTF-8' encoding to copy filtered resources.
2021-01-17 18:42:51,550 [Worker-72] INFO  o.e.m.c.i.embedder.EclipseLogger - Copying 0 resource
2021-01-17 18:42:51,552 [Worker-72] INFO  o.e.m.c.i.embedder.EclipseLogger - Using 'UTF-8' encoding to copy filtered resources.
2021-01-17 18:42:51,552 [Worker-72] INFO  o.e.m.c.i.embedder.EclipseLogger - Copying 0 resource
2021-01-17 18:51:33,784 [Worker-75] INFO  o.e.m.c.i.embedder.EclipseLogger - Using 'UTF-8' encoding to copy filtered resources.
2021-01-17 18:51:33,785 [Worker-75] INFO  o.e.m.c.i.embedder.EclipseLogger - Copying 0 resource
2021-01-17 18:51:33,785 [Worker-75] INFO  o.e.m.c.i.embedder.EclipseLogger - Using 'UTF-8' encoding to copy filtered resources.
2021-01-17 18:51:33,786 [Worker-75] INFO  o.e.m.c.i.embedder.EclipseLogger - Copying 0 resource
2021-01-17 18:56:41,674 [Worker-86] INFO  o.e.m.c.i.embedder.EclipseLogger - Using 'UTF-8' encoding to copy filtered resources.
2021-01-17 18:56:41,675 [Worker-86] INFO  o.e.m.c.i.embedder.EclipseLogger - Copying 0 resource
2021-01-17 18:56:41,676 [Worker-86] INFO  o.e.m.c.i.embedder.EclipseLogger - Using 'UTF-8' encoding to copy filtered resources.
2021-01-17 18:56:41,676 [Worker-86] INFO  o.e.m.c.i.embedder.EclipseLogger - Copying 0 resource
